(adtheus)Running: start_machine       [ exec-time =0.001ms ]
(adtheus)Running: boil_water          [ exec-time =2.031ms ]
(adtheus)Running: make_coffee         [ exec-time =0.000ms ]
(adtheus)Running: start_machine       [ exec-time =2.032ms ]
(adtheus)Running: boil_water          [ exec-time =4.091ms ]
(adtheus)Running: make_coffee         [ exec-time =2.032ms ]
(adtheus)Running: start_machine       [ exec-time =4.092ms ]
(adtheus)Running: boil_water          [ exec-time =6.159ms ]
(adtheus)Running: make_coffee         [ exec-time =4.092ms ]
(adtheus)Running: start_machine       [ exec-time =6.159ms ]
(adtheus)Running: boil_water          [ exec-time =8.233ms ]
(adtheus)Running: make_coffee         [ exec-time =6.159ms ]
(adtheus)Running: start_machine       [ exec-time =8.233ms ]
(adtheus)Running: make_coffee         [ exec-time =8.233ms ]
(adtheus)Running: start_machine       [ exec-time =8.234ms ]
(adtheus)Running: make_coffee         [ exec-time =8.234ms ]


(adtheus)Running: Start Machine      [ exec_time = 0.001 ms]
(adtheus)Running: Boil Water         [ exec_time = 0.003 ms]
(adtheus)Running: Make Coffee        [ exec_time = 2.046 s]
(adtheus)Running: Start Machine      [ exec_time = 0.002 ms]
(adtheus)Running: Boil Water         [ exec_time = 0.002 ms]
(adtheus)Running: Make Coffee        [ exec_time = 2.037 s]
(adtheus)Running: Start Machine      [ exec_time = 0.002 ms]
(adtheus)Running: Boil Water         [ exec_time = 0.001 ms]
(adtheus)Running: Make Coffee        [ exec_time = 2.045 s]
(adtheus)Running: Start Machine      [ exec_time = 0.001 ms]
(adtheus)Running: Boil Water         [ exec_time = 0.002 ms]
(adtheus)Running: Make Coffee        [ exec_time = 2.051 s]
(adtheus)Running: Start Machine      [ exec_time = 0.015 ms]
(adtheus)Running: Make Coffee        [ exec_time = 0.088 ms]
(adtheus)Running: Start Machine      [ exec_time = 0.012 ms]
(adtheus)Running: Make Coffee        [ exec_time = 0.318 ms]
(adtheus)Running: Add Water          [ exec_time = 4.002 s]
(adtheus)Running: start_machine       [ exec-time =0.000ms ]
(adtheus)Running: boil_water          [ exec-time =2.050ms ]
(adtheus)Running: make_coffee         [ exec-time =0.000ms ]
(adtheus)Running: start_machine       [ exec-time =2.051ms ]
(adtheus)Running: boil_water          [ exec-time =4.109ms ]
(adtheus)Running: make_coffee         [ exec-time =2.051ms ]
(adtheus)Running: start_machine       [ exec-time =4.109ms ]
(adtheus)Running: boil_water          [ exec-time =6.153ms ]
(adtheus)Running: make_coffee         [ exec-time =4.109ms ]
(adtheus)Running: start_machine       [ exec-time =6.153ms ]
(adtheus)Running: boil_water          [ exec-time =8.198ms ]
(adtheus)Running: make_coffee         [ exec-time =6.153ms ]
(adtheus)Running: start_machine       [ exec-time =8.199ms ]
(adtheus)Running: make_coffee         [ exec-time =8.199ms ]
(adtheus)Running: start_machine       [ exec-time =8.199ms ]
(adtheus)Running: make_coffee         [ exec-time =8.199ms ]
(adtheus)Running: add_water           [ exec-time =8.199ms ]


(adtheus)Running: Start Machine      [ exec_time = 0.002 ms]
(adtheus)Running: Boil Water         [ exec_time = 0.002 ms]
(adtheus)Running: Make Coffee        [ exec_time = 2.054 s]
(adtheus)Running: Start Machine      [ exec_time = 0.001 ms]
(adtheus)Running: Boil Water         [ exec_time = 0.001 ms]
(adtheus)Running: Make Coffee        [ exec_time = 2.042 s]
(adtheus)Running: Start Machine      [ exec_time = 0.001 ms]
(adtheus)Running: Boil Water         [ exec_time = 0.002 ms]
(adtheus)Running: Make Coffee        [ exec_time = 2.034 s]
(adtheus)Running: Start Machine      [ exec_time = 0.001 ms]
(adtheus)Running: Boil Water         [ exec_time = 0.002 ms]
(adtheus)Running: Make Coffee        [ exec_time = 2.083 s]
(adtheus)Running: Start Machine      [ exec_time = 0.014 ms]
(adtheus)Running: Make Coffee        [ exec_time = 0.107 ms]
(adtheus)Running: Start Machine      [ exec_time = 0.011 ms]
(adtheus)Running: Make Coffee        [ exec_time = 0.295 ms]
(adtheus)Running: Add Water          [ exec_time = 3.000 s]
(adtheus)Running: start_machine       [ exec-time =0.001ms ]
(adtheus)Running: boil_water          [ exec-time =2.076ms ]
(adtheus)Running: make_coffee         [ exec-time =0.000ms ]
(adtheus)Running: start_machine       [ exec-time =2.077ms ]
(adtheus)Running: boil_water          [ exec-time =4.140ms ]
(adtheus)Running: make_coffee         [ exec-time =2.077ms ]
(adtheus)Running: start_machine       [ exec-time =4.140ms ]
(adtheus)Running: boil_water          [ exec-time =6.208ms ]
(adtheus)Running: make_coffee         [ exec-time =4.140ms ]
(adtheus)Running: start_machine       [ exec-time =6.209ms ]
(adtheus)Running: boil_water          [ exec-time =8.283ms ]
(adtheus)Running: make_coffee         [ exec-time =6.209ms ]
(adtheus)Running: start_machine       [ exec-time =8.283ms ]
(adtheus)Running: make_coffee         [ exec-time =8.283ms ]
(adtheus)Running: start_machine       [ exec-time =8.284ms ]
(adtheus)Running: make_coffee         [ exec-time =8.284ms ]
(adtheus)Running: add_water           [ exec-time =8.284ms ]
(adtheus)Running: start_machine       [ exec-time =0.001ms ]
(adtheus)Running: boil_water          [ exec-time =2.062ms ]
(adtheus)Running: make_coffee         [ exec-time =0.000ms ]
(adtheus)Running: start_machine       [ exec-time =2.062ms ]
(adtheus)Running: boil_water          [ exec-time =4.114ms ]
(adtheus)Running: make_coffee         [ exec-time =2.062ms ]
(adtheus)Running: start_machine       [ exec-time =4.114ms ]
(adtheus)Running: boil_water          [ exec-time =6.154ms ]
(adtheus)Running: make_coffee         [ exec-time =4.114ms ]
(adtheus)Running: start_machine       [ exec-time =6.154ms ]
(adtheus)Running: boil_water          [ exec-time =8.221ms ]
(adtheus)Running: make_coffee         [ exec-time =6.154ms ]
(adtheus)Running: start_machine       [ exec-time =8.222ms ]
(adtheus)Running: make_coffee         [ exec-time =8.222ms ]
(adtheus)Running: start_machine       [ exec-time =8.222ms ]
(adtheus)Running: make_coffee         [ exec-time =8.222ms ]
(adtheus)Running: add_water           [ exec-time =8.223ms ]
(adtheus)Running: start_machine       [ exec-time =0.000ms ]
(adtheus)Running: boil_water          [ exec-time =2.076ms ]
(adtheus)Running: make_coffee         [ exec-time =0.000ms ]
(adtheus)Running: start_machine       [ exec-time =2.078ms ]
(adtheus)Running: boil_water          [ exec-time =4.125ms ]
(adtheus)Running: make_coffee         [ exec-time =2.078ms ]
(adtheus)Running: start_machine       [ exec-time =4.125ms ]
(adtheus)Running: boil_water          [ exec-time =6.193ms ]
(adtheus)Running: make_coffee         [ exec-time =4.125ms ]
(adtheus)Running: start_machine       [ exec-time =6.193ms ]
(adtheus)Running: boil_water          [ exec-time =8.239ms ]
(adtheus)Running: make_coffee         [ exec-time =6.193ms ]
(adtheus)Running: start_machine       [ exec-time =8.239ms ]
(adtheus)Running: make_coffee         [ exec-time =8.239ms ]
(adtheus)Running: start_machine       [ exec-time =8.240ms ]
(adtheus)Running: make_coffee         [ exec-time =8.240ms ]
(adtheus)Running: add_water           [ exec-time =8.240ms ]
(adtheus)Running: start_machine       [ exec-time =0.001ms ]
(adtheus)Running: boil_water          [ exec-time =2.072ms ]
(adtheus)Running: make_coffee         [ exec-time =0.000ms ]
(adtheus)Running: start_machine       [ exec-time =2.073ms ]
(adtheus)Running: boil_water          [ exec-time =4.142ms ]
(adtheus)Running: make_coffee         [ exec-time =2.072ms ]
(adtheus)Running: start_machine       [ exec-time =4.142ms ]
(adtheus)Running: boil_water          [ exec-time =6.210ms ]
(adtheus)Running: make_coffee         [ exec-time =4.142ms ]
(adtheus)Running: start_machine       [ exec-time =6.210ms ]
(adtheus)Running: boil_water          [ exec-time =8.293ms ]
(adtheus)Running: make_coffee         [ exec-time =6.210ms ]
(adtheus)Running: start_machine       [ exec-time =8.293ms ]
(adtheus)Running: make_coffee         [ exec-time =8.293ms ]
(adtheus)Running: start_machine       [ exec-time =8.294ms ]
(adtheus)Running: make_coffee         [ exec-time =8.294ms ]
(adtheus)Running: add_water           [ exec-time =8.294ms ]
(adtheus)Running: start_machine       [ exec-time =0.001ms ]
(adtheus)Running: boil_water          [ exec-time =2.022ms ]
(adtheus)Running: make_coffee         [ exec-time =0.000ms ]
(adtheus)Running: start_machine       [ exec-time =2.022ms ]
(adtheus)Running: boil_water          [ exec-time =4.042ms ]
(adtheus)Running: make_coffee         [ exec-time =2.022ms ]
(adtheus)Running: start_machine       [ exec-time =4.042ms ]
(adtheus)Running: boil_water          [ exec-time =6.090ms ]
(adtheus)Running: make_coffee         [ exec-time =4.042ms ]
(adtheus)Running: start_machine       [ exec-time =6.090ms ]
(adtheus)Running: boil_water          [ exec-time =8.158ms ]
(adtheus)Running: make_coffee         [ exec-time =6.090ms ]
(adtheus)Running: start_machine       [ exec-time =8.159ms ]
(adtheus)Running: make_coffee         [ exec-time =8.159ms ]
(adtheus)Running: start_machine       [ exec-time =8.159ms ]
(adtheus)Running: make_coffee         [ exec-time =8.159ms ]
(adtheus)Running: add_water           [ exec-time =8.159ms ]
(adtheus)Running: start_machine       [ exec-time =0.000ms ]
(adtheus)Running: boil_water          [ exec-time =0.000ms ]
(adtheus)Running: make_coffee         [ exec-time =0.001ms ]
(adtheus)Running: start_machine       [ exec-time =0.000ms ]
(adtheus)Running: boil_water          [ exec-time =0.000ms ]
(adtheus)Running: make_coffee         [ exec-time =0.000ms ]
(adtheus)Running: start_machine       [ exec-time =0.000ms ]
(adtheus)Running: boil_water          [ exec-time =0.000ms ]
(adtheus)Running: make_coffee         [ exec-time =0.000ms ]
(adtheus)Running: start_machine       [ exec-time =0.000ms ]
(adtheus)Running: boil_water          [ exec-time =0.000ms ]
(adtheus)Running: make_coffee         [ exec-time =0.000ms ]
(adtheus)Running: start_machine       [ exec-time =0.000ms ]
(adtheus)Running: make_coffee         [ exec-time =0.000ms ]
(adtheus)Running: start_machine       [ exec-time =0.000ms ]
(adtheus)Running: make_coffee         [ exec-time =0.000ms ]
(adtheus)Running: add_water           [ exec-time =0.000ms ]
(adtheus)Running: start_machine       [ exec-time =0.000ms ]
(adtheus)Running: boil_water          [ exec-time =0.000ms ]
(adtheus)Running: make_coffee         [ exec-time =0.000ms ]
(adtheus)Running: add_water           [ exec-time =0.000ms ]
